This is pdfTeX, Version 3.14159265-2.6-1.40.16 (TeX Live 2015) (preloaded format=pdflatex 2015.10.8)  24 NOV 2015 07:19
entering extended mode
 restricted \write18 enabled.
 file:line:error style messages enabled.
 %&-line parsing enabled.
**tesi.tex
(./tesi.tex
LaTeX2e <2015/01/01>
Babel <3.9l> and hyphenation patterns for 79 languages loaded.
(/usr/local/texlive/2015/texmf-dist/tex/latex/base/report.cls
Document Class: report 2014/09/29 v1.4h Standard LaTeX document class
(/usr/local/texlive/2015/texmf-dist/tex/latex/base/size12.clo
File: size12.clo 2014/09/29 v1.4h Standard LaTeX file (size option)
)
\c@part=\count79
\c@chapter=\count80
\c@section=\count81
\c@subsection=\count82
\c@subsubsection=\count83
\c@paragraph=\count84
\c@subparagraph=\count85
\c@figure=\count86
\c@table=\count87
\abovecaptionskip=\skip41
\belowcaptionskip=\skip42
\bibindent=\dimen102
)
(/usr/local/texlive/2015/texmf-dist/tex/generic/babel/babel.sty
Package: babel 2014/09/25 3.9l The Babel package

(/usr/local/texlive/2015/texmf-dist/tex/generic/babel-italian/italian.ldf
Language: italian 2015/03/26 v1.3n Italian support from the babel system

(/usr/local/texlive/2015/texmf-dist/tex/generic/babel/babel.def
File: babel.def 2014/09/25 3.9l Babel common definitions
\babel@savecnt=\count88
\U@D=\dimen103
)
\it@lettering=\count89
\it@doublequoteactive=\count90
\it@ISOcompliance=\count91
))
(/usr/local/texlive/2015/texmf-dist/tex/latex/etoolbox/etoolbox.sty
Package: etoolbox 2015/05/04 v2.2 e-TeX tools for LaTeX (JAW)
\etb@tempcnta=\count92
)
(/usr/local/texlive/2015/texmf-dist/tex/latex/base/newlfont.sty
Package: newlfont 1998/08/17 v2.2m Standard LaTeX package
LaTeX Info: Redefining \em on input line 72.

(/usr/local/texlive/2015/texmf-dist/tex/latex/base/latexsym.sty
Package: latexsym 1998/08/17 v2.2e Standard LaTeX package (lasy symbols)
\symlasy=\mathgroup4
LaTeX Font Info:    Overwriting symbol font `lasy' in version `bold'
(Font)                  U/lasy/m/n --> U/lasy/b/n on input line 52.
))
(/usr/local/texlive/2015/texmf-dist/tex/latex/base/inputenc.sty
Package: inputenc 2015/03/17 v1.2c Input encoding file
\inpenc@prehook=\toks14
\inpenc@posthook=\toks15

(/usr/local/texlive/2015/texmf-dist/tex/latex/base/latin1.def
File: latin1.def 2015/03/17 v1.2c Input encoding file
))
(/usr/local/texlive/2015/texmf-dist/tex/latex/fancyhdr/fancyhdr.sty
\fancy@headwidth=\skip43
\f@ncyO@elh=\skip44
\f@ncyO@erh=\skip45
\f@ncyO@olh=\skip46
\f@ncyO@orh=\skip47
\f@ncyO@elf=\skip48
\f@ncyO@erf=\skip49
\f@ncyO@olf=\skip50
\f@ncyO@orf=\skip51
)
(/usr/local/texlive/2015/texmf-dist/tex/latex/tools/indentfirst.sty
Package: indentfirst 1995/11/23 v1.03 Indent first paragraph (DPC)
)
(/usr/local/texlive/2015/texmf-dist/tex/latex/graphics/graphicx.sty
Package: graphicx 2014/10/28 v1.0g Enhanced LaTeX Graphics (DPC,SPQR)

(/usr/local/texlive/2015/texmf-dist/tex/latex/graphics/keyval.sty
Package: keyval 2014/10/28 v1.15 key=value parser (DPC)
\KV@toks@=\toks16
)
(/usr/local/texlive/2015/texmf-dist/tex/latex/graphics/graphics.sty
Package: graphics 2014/10/28 v1.0p Standard LaTeX Graphics (DPC,SPQR)

(/usr/local/texlive/2015/texmf-dist/tex/latex/graphics/trig.sty
Package: trig 1999/03/16 v1.09 sin cos tan (DPC)
)
(/usr/local/texlive/2015/texmf-dist/tex/latex/latexconfig/graphics.cfg
File: graphics.cfg 2010/04/23 v1.9 graphics configuration of TeX Live
)
Package graphics Info: Driver file: pdftex.def on input line 94.

(/usr/local/texlive/2015/texmf-dist/tex/latex/pdftex-def/pdftex.def
File: pdftex.def 2011/05/27 v0.06d Graphics/color for pdfTeX

(/usr/local/texlive/2015/texmf-dist/tex/generic/oberdiek/infwarerr.sty
Package: infwarerr 2010/04/08 v1.3 Providing info/warning/error messages (HO)
)
(/usr/local/texlive/2015/texmf-dist/tex/generic/oberdiek/ltxcmds.sty
Package: ltxcmds 2011/11/09 v1.22 LaTeX kernel commands for general use (HO)
)
\Gread@gobject=\count93
))
\Gin@req@height=\dimen104
\Gin@req@width=\dimen105
)
(/usr/local/texlive/2015/texmf-dist/tex/latex/amsfonts/amssymb.sty
Package: amssymb 2013/01/14 v3.01 AMS font symbols

(/usr/local/texlive/2015/texmf-dist/tex/latex/amsfonts/amsfonts.sty
Package: amsfonts 2013/01/14 v3.01 Basic AMSFonts support
\@emptytoks=\toks17
\symAMSa=\mathgroup5
\symAMSb=\mathgroup6
LaTeX Font Info:    Overwriting math alphabet `\mathfrak' in version `bold'
(Font)                  U/euf/m/n --> U/euf/b/n on input line 106.
))
(/usr/local/texlive/2015/texmf-dist/tex/latex/amsmath/amsmath.sty
Package: amsmath 2013/01/14 v2.14 AMS math features
\@mathmargin=\skip52

For additional information on amsmath, use the `?' option.
(/usr/local/texlive/2015/texmf-dist/tex/latex/amsmath/amstext.sty
Package: amstext 2000/06/29 v2.01

(/usr/local/texlive/2015/texmf-dist/tex/latex/amsmath/amsgen.sty
File: amsgen.sty 1999/11/30 v2.0
\@emptytoks=\toks18
\ex@=\dimen106
))
(/usr/local/texlive/2015/texmf-dist/tex/latex/amsmath/amsbsy.sty
Package: amsbsy 1999/11/29 v1.2d
\pmbraise@=\dimen107
)
(/usr/local/texlive/2015/texmf-dist/tex/latex/amsmath/amsopn.sty
Package: amsopn 1999/12/14 v2.01 operator names
)
\inf@bad=\count94
LaTeX Info: Redefining \frac on input line 210.
\uproot@=\count95
\leftroot@=\count96
LaTeX Info: Redefining \overline on input line 306.
\classnum@=\count97
\DOTSCASE@=\count98
LaTeX Info: Redefining \ldots on input line 378.
LaTeX Info: Redefining \dots on input line 381.
LaTeX Info: Redefining \cdots on input line 466.
\Mathstrutbox@=\box26
\strutbox@=\box27
\big@size=\dimen108
LaTeX Font Info:    Redeclaring font encoding OML on input line 566.
LaTeX Font Info:    Redeclaring font encoding OMS on input line 567.
\macc@depth=\count99
\c@MaxMatrixCols=\count100
\dotsspace@=\muskip10
\c@parentequation=\count101
\dspbrk@lvl=\count102
\tag@help=\toks19
\row@=\count103
\column@=\count104
\maxfields@=\count105
\andhelp@=\toks20
\eqnshift@=\dimen109
\alignsep@=\dimen110
\tagshift@=\dimen111
\tagwidth@=\dimen112
\totwidth@=\dimen113
\lineht@=\dimen114
\@envbody=\toks21
\multlinegap=\skip53
\multlinetaggap=\skip54
\mathdisplay@stack=\toks22
LaTeX Info: Redefining \[ on input line 2665.
LaTeX Info: Redefining \] on input line 2666.
)
(/usr/local/texlive/2015/texmf-dist/tex/latex/amscls/amsthm.sty
Package: amsthm 2015/03/04 v2.20.2
\thm@style=\toks23
\thm@bodyfont=\toks24
\thm@headfont=\toks25
\thm@notefont=\toks26
\thm@headpunct=\toks27
\thm@preskip=\skip55
\thm@postskip=\skip56
\thm@headsep=\skip57
\dth@everypar=\toks28
)
(/usr/local/texlive/2015/texmf-dist/tex/latex/listings/listings.sty
\lst@mode=\count106
\lst@gtempboxa=\box28
\lst@token=\toks29
\lst@length=\count107
\lst@currlwidth=\dimen115
\lst@column=\count108
\lst@pos=\count109
\lst@lostspace=\dimen116
\lst@width=\dimen117
\lst@newlines=\count110
\lst@lineno=\count111
\lst@maxwidth=\dimen118

(/usr/local/texlive/2015/texmf-dist/tex/latex/listings/lstmisc.sty
File: lstmisc.sty 2014/09/06 1.5e (Carsten Heinz)
\c@lstnumber=\count112
\lst@skipnumbers=\count113
\lst@framebox=\box29
)
(/usr/local/texlive/2015/texmf-dist/tex/latex/listings/listings.cfg
File: listings.cfg 2014/09/06 1.5e listings configuration
))
Package: listings 2014/09/06 1.5e (Carsten Heinz)

(/usr/local/texlive/2015/texmf-dist/tex/latex/graphics/color.sty
Package: color 2014/10/28 v1.1a Standard LaTeX Color (DPC)

(/usr/local/texlive/2015/texmf-dist/tex/latex/latexconfig/color.cfg
File: color.cfg 2007/01/18 v1.5 color configuration of teTeX/TeXLive
)
Package color Info: Driver file: pdftex.def on input line 142.
)
(/usr/local/texlive/2015/texmf-dist/tex/latex/xcolor/xcolor.sty
Package: xcolor 2007/01/21 v2.11 LaTeX color extensions (UK)

(/usr/local/texlive/2015/texmf-dist/tex/latex/latexconfig/color.cfg
File: color.cfg 2007/01/18 v1.5 color configuration of teTeX/TeXLive
)
Package xcolor Info: Driver file: pdftex.def on input line 225.
LaTeX Info: Redefining \color on input line 702.
Package xcolor Info: Model `cmy' substituted by `cmy0' on input line 1337.
Package xcolor Info: Model `hsb' substituted by `rgb' on input line 1341.
Package xcolor Info: Model `RGB' extended on input line 1353.
Package xcolor Info: Model `HTML' substituted by `rgb' on input line 1355.
Package xcolor Info: Model `Hsb' substituted by `hsb' on input line 1356.
Package xcolor Info: Model `tHsb' substituted by `hsb' on input line 1357.
Package xcolor Info: Model `HSB' substituted by `hsb' on input line 1358.
Package xcolor Info: Model `Gray' substituted by `gray' on input line 1359.
Package xcolor Info: Model `wave' substituted by `hsb' on input line 1360.
)
(/usr/local/texlive/2015/texmf-dist/tex/latex/caption/caption.sty
Package: caption 2013/05/02 v3.3-89 Customizing captions (AR)

(/usr/local/texlive/2015/texmf-dist/tex/latex/caption/caption3.sty
Package: caption3 2013/05/02 v1.6-88 caption3 kernel (AR)
Package caption3 Info: TeX engine: e-TeX on input line 57.
\captionmargin=\dimen119
\captionmargin@=\dimen120
\captionwidth=\dimen121
\caption@tempdima=\dimen122
\caption@indent=\dimen123
\caption@parindent=\dimen124
\caption@hangindent=\dimen125
)
\c@ContinuedFloat=\count114
Package caption Info: listings package is loaded.
)
(./tesi.aux)
\openout1 = `tesi.aux'.

LaTeX Font Info:    Checking defaults for OML/cmm/m/it on input line 95.
LaTeX Font Info:    ... okay on input line 95.
LaTeX Font Info:    Checking defaults for T1/cmr/m/n on input line 95.
LaTeX Font Info:    ... okay on input line 95.
LaTeX Font Info:    Checking defaults for OT1/cmr/m/n on input line 95.
LaTeX Font Info:    ... okay on input line 95.
LaTeX Font Info:    Checking defaults for OMS/cmsy/m/n on input line 95.
LaTeX Font Info:    ... okay on input line 95.
LaTeX Font Info:    Checking defaults for OMX/cmex/m/n on input line 95.
LaTeX Font Info:    ... okay on input line 95.
LaTeX Font Info:    Checking defaults for U/cmr/m/n on input line 95.
LaTeX Font Info:    ... okay on input line 95.
LaTeX Info: Redefining \it@ocap on input line 95.
LaTeX Info: Redefining \it@ccap on input line 95.


File italian.ldf warning: 
italian.ldf    With OT1 encoding guillemets are poorly faked
italian.ldf    Use T1 encoding
italian.ldf    or specify a font with command \CaporaliFrom
italian.ldf    See the documentation concerning the babel-italian typesetting 
italian.ldf    on input line 95.

(/usr/local/texlive/2015/texmf-dist/tex/context/base/supp-pdf.mkii
[Loading MPS to PDF converter (version 2006.09.02).]
\scratchcounter=\count115
\scratchdimen=\dimen126
\scratchbox=\box30
\nofMPsegments=\count116
\nofMParguments=\count117
\everyMPshowfont=\toks30
\MPscratchCnt=\count118
\MPscratchDim=\dimen127
\MPnumerator=\count119
\makeMPintoPDFobject=\count120
\everyMPtoPDFconversion=\toks31
) (/usr/local/texlive/2015/texmf-dist/tex/generic/oberdiek/pdftexcmds.sty
Package: pdftexcmds 2011/11/29 v0.20 Utility functions of pdfTeX for LuaTeX (HO
)

(/usr/local/texlive/2015/texmf-dist/tex/generic/oberdiek/ifluatex.sty
Package: ifluatex 2010/03/01 v1.3 Provides the ifluatex switch (HO)
Package ifluatex Info: LuaTeX not detected.
)
(/usr/local/texlive/2015/texmf-dist/tex/generic/oberdiek/ifpdf.sty
Package: ifpdf 2011/01/30 v2.3 Provides the ifpdf switch (HO)
Package ifpdf Info: pdfTeX in PDF mode is detected.
)
Package pdftexcmds Info: LuaTeX not detected.
Package pdftexcmds Info: \pdf@primitive is available.
Package pdftexcmds Info: \pdf@ifprimitive is available.
Package pdftexcmds Info: \pdfdraftmode found.
)
(/usr/local/texlive/2015/texmf-dist/tex/latex/oberdiek/epstopdf-base.sty
Package: epstopdf-base 2010/02/09 v2.5 Base part for package epstopdf

(/usr/local/texlive/2015/texmf-dist/tex/latex/oberdiek/grfext.sty
Package: grfext 2010/08/19 v1.1 Manage graphics extensions (HO)

(/usr/local/texlive/2015/texmf-dist/tex/generic/oberdiek/kvdefinekeys.sty
Package: kvdefinekeys 2011/04/07 v1.3 Define keys (HO)
))
(/usr/local/texlive/2015/texmf-dist/tex/latex/oberdiek/kvoptions.sty
Package: kvoptions 2011/06/30 v3.11 Key value format for package options (HO)

(/usr/local/texlive/2015/texmf-dist/tex/generic/oberdiek/kvsetkeys.sty
Package: kvsetkeys 2012/04/25 v1.16 Key value parser (HO)

(/usr/local/texlive/2015/texmf-dist/tex/generic/oberdiek/etexcmds.sty
Package: etexcmds 2011/02/16 v1.5 Avoid name clashes with e-TeX commands (HO)
Package etexcmds Info: Could not find \expanded.
(etexcmds)             That can mean that you are not using pdfTeX 1.50 or
(etexcmds)             that some package has redefined \expanded.
(etexcmds)             In the latter case, load this package earlier.
)))
Package grfext Info: Graphics extension search list:
(grfext)             [.png,.pdf,.jpg,.mps,.jpeg,.jbig2,.jb2,.PNG,.PDF,.JPG,.JPE
G,.JBIG2,.JB2,.eps]
(grfext)             \AppendGraphicsExtensions on input line 452.

(/usr/local/texlive/2015/texmf-dist/tex/latex/latexconfig/epstopdf-sys.cfg
File: epstopdf-sys.cfg 2010/07/13 v1.3 Configuration of (r)epstopdf for TeX Liv
e
))
\c@lstlisting=\count121
Package caption Info: Begin \AtBeginDocument code.
Package caption Info: End \AtBeginDocument code.
LaTeX Font Info:    Try loading font information for U+lasy on input line 104.

(/usr/local/texlive/2015/texmf-dist/tex/latex/base/ulasy.fd
File: ulasy.fd 1998/08/17 v2.2e LaTeX symbol font definitions
)
LaTeX Font Info:    Try loading font information for U+msa on input line 104.

(/usr/local/texlive/2015/texmf-dist/tex/latex/amsfonts/umsa.fd
File: umsa.fd 2013/01/14 v3.01 AMS symbols A
)
LaTeX Font Info:    Try loading font information for U+msb on input line 104.

(/usr/local/texlive/2015/texmf-dist/tex/latex/amsfonts/umsb.fd
File: umsb.fd 2013/01/14 v3.01 AMS symbols B
)
Overfull \hbox (59.55362pt too wide) in paragraph at lines 104--107
 [] 
 []


Overfull \hbox (59.55362pt too wide) in paragraph at lines 104--107
 [] 
 []


Overfull \hbox (59.55362pt too wide) in paragraph at lines 135--136
 [] 
 []

[1

{/usr/local/texlive/2015/texmf-var/fonts/map/pdftex/updmap/pdftex.map}]
[2


] [3] [4


] [5] [6


] (./tesi.toc [7

]

Package Fancyhdr Warning: \headheight is too small (12.0pt): 
 Make it at least 14.49998pt.
 We now make it that large for the rest of the document.
 This may cause the page layout to be inconsistent, however.

[8])
\tf@toc=\write3
\openout3 = `tesi.toc'.

 [9] [10


]
Underfull \hbox (badness 10000) in paragraph at lines 202--214

 []


Underfull \hbox (badness 10000) in paragraph at lines 202--214

 []


Underfull \hbox (badness 10000) in paragraph at lines 202--214

 []


Underfull \hbox (badness 10000) in paragraph at lines 202--214

 []


Underfull \hbox (badness 10000) in paragraph at lines 202--214

 []


Underfull \hbox (badness 10000) in paragraph at lines 202--214

 []


Underfull \hbox (badness 10000) in paragraph at lines 202--214

 []


Underfull \hbox (badness 10000) in paragraph at lines 202--214

 []


Underfull \vbox (badness 10000) has occurred while \output is active []

 [11

]
Underfull \vbox (badness 10000) has occurred while \output is active []

 [12]
LaTeX Font Info:    Try loading font information for OMS+cmr on input line 215.


(/usr/local/texlive/2015/texmf-dist/tex/latex/base/omscmr.fd
File: omscmr.fd 2014/09/29 v2.5h Standard LaTeX font definitions
)
LaTeX Font Info:    Font shape `OMS/cmr/m/n' in size <12> not available
(Font)              Font shape `OMS/cmsy/m/n' tried instead on input line 215.
 [13] [14


]
Capitolo 1.

Underfull \hbox (badness 10000) in paragraph at lines 234--236

 []

[1

] <immagini/Schema_Piattaforma_GIS.jpg, id=59, 832.10875pt x 722.7pt>
File: immagini/Schema_Piattaforma_GIS.jpg Graphic file (type jpg)

<use immagini/Schema_Piattaforma_GIS.jpg>
Package pdftex.def Info: immagini/Schema_Piattaforma_GIS.jpg used on input line
 242.
(pdftex.def)             Requested size: 227.62204pt x 197.68999pt.
 [2 <./immagini/Schema_Piattaforma_GIS.jpg>]
Underfull \hbox (badness 10000) in paragraph at lines 260--262

 []

[3]
Underfull \hbox (badness 10000) in paragraph at lines 263--265

 []

[4]
<immagini/MapYou_SchermataPrincipale.jpg, id=69, 675.52374pt x 763.85374pt>
File: immagini/MapYou_SchermataPrincipale.jpg Graphic file (type jpg)

<use immagini/MapYou_SchermataPrincipale.jpg>
Package pdftex.def Info: immagini/MapYou_SchermataPrincipale.jpg used on input 
line 275.
(pdftex.def)             Requested size: 312.9803pt x 353.90622pt.
 [5 <./immagini/MapYou_SchermataPrincipale.jpg>]
Underfull \hbox (badness 10000) in paragraph at lines 291--293

 []

<immagini/Gestore_MapYou.jpg, id=74, 762.85pt x 374.39874pt>
File: immagini/Gestore_MapYou.jpg Graphic file (type jpg)

<use immagini/Gestore_MapYou.jpg>
Package pdftex.def Info: immagini/Gestore_MapYou.jpg used on input line 302.
(pdftex.def)             Requested size: 341.43306pt x 167.56953pt.


LaTeX Warning: `h' float specifier changed to `ht'.

[6] [7 <./immagini/Gestore_MapYou.jpg>] [8


]
Capitolo 2.

Underfull \hbox (badness 10000) in paragraph at lines 326--330

 []


Underfull \hbox (badness 10000) in paragraph at lines 326--330

 []


Underfull \hbox (badness 10000) in paragraph at lines 326--330

 []


Underfull \vbox (badness 2293) has occurred while \output is active []

 [9

]
[10] <immagini/Sintassi_ADB.jpg, id=90, 295.1025pt x 30.1125pt>
File: immagini/Sintassi_ADB.jpg Graphic file (type jpg)

<use immagini/Sintassi_ADB.jpg>
Package pdftex.def Info: immagini/Sintassi_ADB.jpg used on input line 350.
(pdftex.def)             Requested size: 227.62204pt x 23.22711pt.

<immagini/Swing_Java.jpg, id=91, 646.415pt x 520.94624pt>
File: immagini/Swing_Java.jpg Graphic file (type jpg)

<use immagini/Swing_Java.jpg>
Package pdftex.def Info: immagini/Swing_Java.jpg used on input line 372.
(pdftex.def)             Requested size: 341.43306pt x 275.16222pt.

<immagini/TextureScreenShot.jpg, id=92, 662.475pt x 496.85625pt>
File: immagini/TextureScreenShot.jpg Graphic file (type jpg)

<use immagini/TextureScreenShot.jpg>
Package pdftex.def Info: immagini/TextureScreenShot.jpg used on input line 381.

(pdftex.def)             Requested size: 341.43306pt x 256.06956pt.

Underfull \hbox (badness 10000) in paragraph at lines 368--387

 []


Underfull \hbox (badness 10000) in paragraph at lines 368--387

 []

[11 <./immagini/Sintassi_ADB.jpg>] [12 <./immagini/Swing_Java.jpg>]
Underfull \hbox (badness 10000) in paragraph at lines 389--392

 []


Underfull \hbox (badness 10000) in paragraph at lines 389--392

 []

[13 <./immagini/TextureScreenShot.jpg>] [14]
Capitolo 3.
[15


] [16]
Underfull \hbox (badness 10000) in paragraph at lines 445--448

 []


Underfull \hbox (badness 10000) in paragraph at lines 445--448

 []

[17] [18] [19] [20] [21] [22] [23]
<immagini/Modulo_Dispositivi.jpg, id=135, 610.28pt x 361.35pt>
File: immagini/Modulo_Dispositivi.jpg Graphic file (type jpg)

<use immagini/Modulo_Dispositivi.jpg>
Package pdftex.def Info: immagini/Modulo_Dispositivi.jpg used on input line 554
.
(pdftex.def)             Requested size: 398.33858pt x 235.86719pt.

Overfull \hbox (8.33858pt too wide) in paragraph at lines 554--555
 [] 
 []

[24 <./immagini/Modulo_Dispositivi.jpg>]
<immagini/Modulo_Mappe.jpg, id=139, 766.865pt x 429.605pt>
File: immagini/Modulo_Mappe.jpg Graphic file (type jpg)

<use immagini/Modulo_Mappe.jpg>
Package pdftex.def Info: immagini/Modulo_Mappe.jpg used on input line 568.
(pdftex.def)             Requested size: 412.56496pt x 231.1245pt.

Overfull \hbox (22.56496pt too wide) in paragraph at lines 568--569
 [] 
 []


Underfull \vbox (badness 2790) has occurred while \output is active []

 [25 <./immagini/Modulo_Mappe.jpg>]
<immagini/Modulo_Progetti.jpg, id=143, 725.71124pt x 435.6275pt>
File: immagini/Modulo_Progetti.jpg Graphic file (type jpg)

<use immagini/Modulo_Progetti.jpg>
Package pdftex.def Info: immagini/Modulo_Progetti.jpg used on input line 582.
(pdftex.def)             Requested size: 412.56496pt x 247.65883pt.

Overfull \hbox (22.56496pt too wide) in paragraph at lines 582--583
 [] 
 []

[26 <./immagini/Modulo_Progetti.jpg>] [27] [28]
<immagini/Modulo_Progetti_Mobile.jpg, id=153, 629.35126pt x 474.77374pt>
File: immagini/Modulo_Progetti_Mobile.jpg Graphic file (type jpg)

<use immagini/Modulo_Progetti_Mobile.jpg>
Package pdftex.def Info: immagini/Modulo_Progetti_Mobile.jpg used on input line
 634.
(pdftex.def)             Requested size: 412.56496pt x 311.229pt.

Overfull \hbox (22.56496pt too wide) in paragraph at lines 634--635
 [] 
 []

[29 <./immagini/Modulo_Progetti_Mobile.jpg>] [30


]
Capitolo 4.
[31

] <immagini/MVC_Process.jpg, id=164, 2007.5pt x 2208.25pt>
File: immagini/MVC_Process.jpg Graphic file (type jpg)

<use immagini/MVC_Process.jpg>
Package pdftex.def Info: immagini/MVC_Process.jpg used on input line 661.
(pdftex.def)             Requested size: 227.62204pt x 250.35487pt.

Underfull \hbox (badness 10000) in paragraph at lines 667--668

 []

[32 <./immagini/MVC_Process.jpg>]
<immagini/MVC_Moduli.jpg, id=168, 679.53876pt x 481.8pt>
File: immagini/MVC_Moduli.jpg Graphic file (type jpg)

<use immagini/MVC_Moduli.jpg>
Package pdftex.def Info: immagini/MVC_Moduli.jpg used on input line 674.
(pdftex.def)             Requested size: 341.43306pt x 242.07567pt.
 [33 <./immagini/MVC_Moduli.jpg>] [34]
<immagini/Classi_MVC.jpg, id=175, 918.43124pt x 484.81125pt>
File: immagini/Classi_MVC.jpg Graphic file (type jpg)

<use immagini/Classi_MVC.jpg>
Package pdftex.def Info: immagini/Classi_MVC.jpg used on input line 698.
(pdftex.def)             Requested size: 426.79134pt x 225.29434pt.

Overfull \hbox (36.79134pt too wide) in paragraph at lines 698--699
 [] 
 []

[35 <./immagini/Classi_MVC.jpg>]
<immagini/Flusso_Utilizzo.jpg, id=180, 772.8875pt x 470.75874pt>
File: immagini/Flusso_Utilizzo.jpg Graphic file (type jpg)

<use immagini/Flusso_Utilizzo.jpg>
Package pdftex.def Info: immagini/Flusso_Utilizzo.jpg used on input line 711.
(pdftex.def)             Requested size: 369.88582pt x 225.2936pt.
 [36 <./immagini/Flusso_Utilizzo.jpg>]
<immagini/Classe_MobileDevice.jpg, id=184, 247.92625pt x 286.06876pt>
File: immagini/Classe_MobileDevice.jpg Graphic file (type jpg)

<use immagini/Classe_MobileDevice.jpg>
Package pdftex.def Info: immagini/Classe_MobileDevice.jpg used on input line 73
8.
(pdftex.def)             Requested size: 199.16928pt x 229.81125pt.
 [37] [38 <./immagini/Classe_MobileDevice.jpg>] [39] (/usr/local/texlive/2015/t
exmf-dist/tex/latex/listings/lstlang1.sty
File: lstlang1.sty 2014/09/06 1.5e listings language file
)
Overfull \hbox (6.0pt too wide) in paragraph at lines 757--757
 [][][][][][][] 
 []

(./xml/Esempio.xml)
Underfull \hbox (badness 10000) in paragraph at lines 758--760

 []

[40]
Overfull \hbox (6.0pt too wide) in paragraph at lines 763--763
 [][][][][][][] 
 []

(./xml/current_export.xml) [41]
Overfull \hbox (6.0pt too wide) in paragraph at lines 769--769
 [][][][][][][] 
 []

(./xml/config.xml)
Underfull \vbox (badness 2065) has occurred while \output is active []

 [42]
<immagini/Classi_Config.jpg, id=207, 559.08875pt x 250.9375pt>
File: immagini/Classi_Config.jpg Graphic file (type jpg)

<use immagini/Classi_Config.jpg>
Package pdftex.def Info: immagini/Classi_Config.jpg used on input line 789.
(pdftex.def)             Requested size: 398.33858pt x 178.79482pt.

Overfull \hbox (8.33858pt too wide) in paragraph at lines 789--790
 [] 
 []

[43 <./immagini/Classi_Config.jpg>]
Overfull \hbox (6.0pt too wide) in paragraph at lines 800--800
 [][][][][][][] 
 []

(./xml/Progetti.xml)
<immagini/Classi_Progetti.jpg, id=211, 536.0025pt x 394.47375pt>
File: immagini/Classi_Progetti.jpg Graphic file (type jpg)

<use immagini/Classi_Progetti.jpg>
Package pdftex.def Info: immagini/Classi_Progetti.jpg used on input line 818.
(pdftex.def)             Requested size: 398.33858pt x 293.15799pt.

Overfull \hbox (8.33858pt too wide) in paragraph at lines 818--819
 [] 
 []

[44] [45 <./immagini/Classi_Progetti.jpg>]
<immagini/Workspace_Locale.jpg, id=218, 488.82625pt x 386.44376pt>
File: immagini/Workspace_Locale.jpg Graphic file (type jpg)

<use immagini/Workspace_Locale.jpg>
Package pdftex.def Info: immagini/Workspace_Locale.jpg used on input line 831.
(pdftex.def)             Requested size: 227.62204pt x 179.94804pt.

<immagini/Sorgente_Dati_Esempio.jpg, id=219, 287.0725pt x 259.97125pt>
File: immagini/Sorgente_Dati_Esempio.jpg Graphic file (type jpg)

<use immagini/Sorgente_Dati_Esempio.jpg>
Package pdftex.def Info: immagini/Sorgente_Dati_Esempio.jpg used on input line 
844.
(pdftex.def)             Requested size: 199.16928pt x 180.37206pt.

Underfull \vbox (badness 6188) has occurred while \output is active []

 [46 <./immagini/Workspace_Locale.jpg>]
Underfull \vbox (badness 10000) has occurred while \output is active []

 [47 <./immagini/Sorgente_Dati_Esempio.jpg>]
<immagini/MockupDispositivi.jpg, id=227, 543.02875pt x 460.72125pt>
File: immagini/MockupDispositivi.jpg Graphic file (type jpg)

<use immagini/MockupDispositivi.jpg>
Package pdftex.def Info: immagini/MockupDispositivi.jpg used on input line 859.

(pdftex.def)             Requested size: 341.43306pt x 289.69351pt.
 [48 <./immagini/MockupDispositivi.jpg>]
<immagini/MockupMappe.jpg, id=231, 702.625pt x 534.99875pt>
File: immagini/MockupMappe.jpg Graphic file (type jpg)

<use immagini/MockupMappe.jpg>
Package pdftex.def Info: immagini/MockupMappe.jpg used on input line 870.
(pdftex.def)             Requested size: 398.33858pt x 303.3116pt.

Overfull \hbox (8.33858pt too wide) in paragraph at lines 870--871
 [] 
 []

[49 <./immagini/MockupMappe.jpg>]
<immagini/MockupProgetti.jpg, id=235, 702.625pt x 571.13374pt>
File: immagini/MockupProgetti.jpg Graphic file (type jpg)

<use immagini/MockupProgetti.jpg>
Package pdftex.def Info: immagini/MockupProgetti.jpg used on input line 882.
(pdftex.def)             Requested size: 398.33858pt x 323.79794pt.

Overfull \hbox (8.33858pt too wide) in paragraph at lines 882--883
 [] 
 []

[50 <./immagini/MockupProgetti.jpg>]

LaTeX Warning: No positions in optional float specifier.
               Default added (so using `!tbp') on input line 909.

<immagini/Classi_Project_Manager.jpg, id=239, 576.1525pt x 653.44125pt>
File: immagini/Classi_Project_Manager.jpg Graphic file (type jpg)

<use immagini/Classi_Project_Manager.jpg>
Package pdftex.def Info: immagini/Classi_Project_Manager.jpg used on input line
 912.
(pdftex.def)             Requested size: 398.33858pt x 451.79225pt.

Overfull \hbox (8.33858pt too wide) in paragraph at lines 912--913
 [] 
 []

[51] [52 <./immagini/Classi_Project_Manager.jpg>] [53]
Overfull \hbox (6.0pt too wide) in paragraph at lines 932--932
 [][][][][][][] 
 []

(./xml/Struttura_Sketches.xml)
Overfull \hbox (6.0pt too wide) in paragraph at lines 935--935
 [][][][][][][] 
 []

(./xml/Struttura_Interna_Points.xml) [54]
Overfull \hbox (6.0pt too wide) in paragraph at lines 938--938
 [][][][][][][] 
 []

(./xml/Esempio_Stile_Linea.xml) [55]
Overfull \hbox (6.0pt too wide) in paragraph at lines 941--941
 [][][][][][][] 
 []

(./xml/Esempio_Oggetto_Linea.xml) [56] [57]
<immagini/Workspace_Mobile.jpg, id=262, 246.9225pt x 171.64125pt>
File: immagini/Workspace_Mobile.jpg Graphic file (type jpg)

<use immagini/Workspace_Mobile.jpg>
Package pdftex.def Info: immagini/Workspace_Mobile.jpg used on input line 960.
(pdftex.def)             Requested size: 227.62204pt x 158.22351pt.
 [58 <./immagini/Workspace_Mobile.jpg>]
<immagini/Workspace_Mobile_Lavori.jpg, id=266, 306.14375pt x 230.8625pt>
File: immagini/Workspace_Mobile_Lavori.jpg Graphic file (type jpg)

<use immagini/Workspace_Mobile_Lavori.jpg>
Package pdftex.def Info: immagini/Workspace_Mobile_Lavori.jpg used on input lin
e 973.
(pdftex.def)             Requested size: 256.0748pt x 193.11647pt.
 [59 <./immagini/Workspace_Mobile_Lavori.jpg>] [60


]
Capitolo 5.

Underfull \hbox (badness 10000) in paragraph at lines 991--993

 []


Overfull \hbox (6.0pt too wide) in paragraph at lines 993--993
 [][][][][][][] 
 []

[61

] (./java/Rilevazione_JMTP.java
LaTeX Font Info:    Try loading font information for OML+cmr on input line 1.

(/usr/local/texlive/2015/texmf-dist/tex/latex/base/omlcmr.fd
File: omlcmr.fd 2014/09/29 v2.5h Standard LaTeX font definitions
)
LaTeX Font Info:    Font shape `OML/cmr/m/n' in size <10> not available
(Font)              Font shape `OML/cmm/m/it' tried instead on input line 1.
LaTeX Font Info:    Font shape `OMS/cmr/m/n' in size <10> not available
(Font)              Font shape `OMS/cmsy/m/n' tried instead on input line 1.
) [62]
Overfull \hbox (6.0pt too wide) in paragraph at lines 999--999
 [][][][][][][] 
 []

(./java/Rilevazione_ADB.java
Underfull \vbox (badness 10000) has occurred while \output is active []

 [63])
[64]
Overfull \hbox (6.0pt too wide) in paragraph at lines 1005--1005
 [][][][][][][] 
 []

(./java/ConnectedDevices.java) [65]
<immagini/Schema_DOM.jpg, id=291, 308.15125pt x 151.56625pt>
File: immagini/Schema_DOM.jpg Graphic file (type jpg)

<use immagini/Schema_DOM.jpg>
Package pdftex.def Info: immagini/Schema_DOM.jpg used on input line 1015.
(pdftex.def)             Requested size: 341.43306pt x 167.94911pt.
 [66 <./immagini/Schema_DOM.jpg>]
Overfull \hbox (6.0pt too wide) in paragraph at lines 1027--1027
 [][][][][][][] 
 []

(./java/XML_DOM.java [67])
Underfull \vbox (badness 7963) has occurred while \output is active []

 [68]
Overfull \hbox (6.0pt too wide) in paragraph at lines 1031--1031
 [][][][][][][] 
 []

(./java/JTattoo.java)
<immagini/Dispositivi_JTattoo.jpg, id=301, 545.78906pt x 301.125pt>
File: immagini/Dispositivi_JTattoo.jpg Graphic file (type jpg)

<use immagini/Dispositivi_JTattoo.jpg>
Package pdftex.def Info: immagini/Dispositivi_JTattoo.jpg used on input line 10
37.
(pdftex.def)             Requested size: 398.33858pt x 219.77347pt.

Overfull \hbox (8.33858pt too wide) in paragraph at lines 1037--1038
 [] 
 []


Underfull \vbox (badness 2057) has occurred while \output is active []

 [69]
[70 <./immagini/Dispositivi_JTattoo.jpg>]
Underfull \hbox (badness 10000) in paragraph at lines 1053--1057

 []


Underfull \hbox (badness 10000) in paragraph at lines 1053--1057

 []


Underfull \hbox (badness 10000) in paragraph at lines 1062--1069

 []


Underfull \hbox (badness 10000) in paragraph at lines 1062--1069

 []


Underfull \hbox (badness 10000) in paragraph at lines 1062--1069

 []


Underfull \hbox (badness 10000) in paragraph at lines 1062--1069

 []

[71

]
Underfull \vbox (badness 10000) has occurred while \output is active []

 [72]
[73] [74


] [75

] [76


] (./tesi.lof [77

])
\tf@lof=\write4
\openout4 = `tesi.lof'.

 [78] [79

] (./tesi.aux) ) 
Here is how much of TeX's memory you used:
 7075 strings out of 493089
 100284 string characters out of 6134842
 263102 words of memory out of 5000000
 10362 multiletter control sequences out of 15000+600000
 16518 words of font info for 67 fonts, out of 8000000 for 9000
 1143 hyphenation exceptions out of 8191
 38i,12n,50p,1082b,1778s stack positions out of 5000i,500n,10000p,200000b,80000s
</usr/local/texlive/2015/texmf-dist/fonts/type1/public/amsfonts
/cm/cmbx12.pfb></usr/local/texlive/2015/texmf-dist/fonts/type1/public/amsfonts/
cm/cmcsc10.pfb></usr/local/texlive/2015/texmf-dist/fonts/type1/public/amsfonts/
cm/cmmi10.pfb></usr/local/texlive/2015/texmf-dist/fonts/type1/public/amsfonts/c
m/cmr10.pfb></usr/local/texlive/2015/texmf-dist/fonts/type1/public/amsfonts/cm/
cmr12.pfb></usr/local/texlive/2015/texmf-dist/fonts/type1/public/amsfonts/cm/cm
r6.pfb></usr/local/texlive/2015/texmf-dist/fonts/type1/public/amsfonts/cm/cmr7.
pfb></usr/local/texlive/2015/texmf-dist/fonts/type1/public/amsfonts/cm/cmr8.pfb
></usr/local/texlive/2015/texmf-dist/fonts/type1/public/amsfonts/cm/cmsl12.pfb>
</usr/local/texlive/2015/texmf-dist/fonts/type1/public/amsfonts/cm/cmsy10.pfb><
/usr/local/texlive/2015/texmf-dist/fonts/type1/public/amsfonts/cm/cmti12.pfb></
usr/local/texlive/2015/texmf-dist/fonts/type1/public/amsfonts/cm/cmtt10.pfb>
Output written on tesi.pdf (93 pages, 2123203 bytes).
PDF statistics:
 380 PDF objects out of 1000 (max. 8388607)
 243 compressed objects within 3 object streams
 0 named destinations out of 1000 (max. 500000)
 136 words of extra memory for PDF output out of 10000 (max. 10000000)

